22:03:53.286 [main] DEBUG api.test.UserTests - Debugging.....
22:03:53.298 [main] INFO  api.test.UserTests - *********** Creating User ************
22:03:57.072 [main] INFO  api.test.UserTests - *********** User is created **********
22:03:57.090 [main] INFO  api.test.UserTests - *********** Reading User info ************
22:03:59.174 [main] INFO  api.test.UserTests - *********** User info is displayed ************
22:03:59.179 [main] INFO  api.test.UserTests - *********** Updating User ************
22:04:00.652 [main] INFO  api.test.UserTests - *********** User is Updated ************
22:04:02.707 [main] INFO  api.test.UserTests - *********** Deleting User ************
22:04:04.246 [main] INFO  api.test.UserTests - *********** User Deleted************
22:04:04.268 [main] INFO  api.test.PetTest - *********** Creating Pet Order ************
22:04:04.271 [main] INFO  api.test.PetTest - *********** Creating Pet Info ************
22:04:05.707 [main] INFO  api.test.PetTest - *********** Pet Info is Created ************
22:04:05.711 [main] INFO  api.test.PetTest - *********** Reading Pet Info ************
22:04:07.045 [main] INFO  api.test.PetTest - *********** Pet info is displayed ************
22:04:07.047 [main] INFO  api.test.PetTest - *********** Updating Pet Info ************
22:04:08.807 [main] INFO  api.test.PetTest - *********** Pet Info is Updated ************
22:04:08.812 [main] INFO  api.test.PetTest - *********** Deleting Pet info ************
22:04:10.394 [main] INFO  api.test.PetTest - *********** Pet Info is Deleted ************
22:04:10.400 [main] INFO  api.test.StoreTest - *********** Creating Pet Order ************
22:04:10.402 [main] INFO  api.test.StoreTest - *********** Creating Pet Order ************
22:04:13.155 [main] INFO  api.test.StoreTest - *********** Reading Pet Order ************
22:04:15.712 [main] INFO  api.test.StoreTest - *********** Deleting Pet Order ************
22:07:01.507 [main] DEBUG api.test.UserTests - Debugging.....
22:07:01.521 [main] INFO  api.test.UserTests - *********** Creating User ************
22:07:14.028 [main] INFO  api.test.UserTests - *********** Reading User info ************
22:07:14.083 [main] INFO  api.test.UserTests - *********** Updating User ************
22:07:14.127 [main] INFO  api.test.UserTests - *********** Deleting User ************
22:07:14.183 [main] INFO  api.test.PetTest - *********** Creating Pet Order ************
22:07:14.188 [main] INFO  api.test.PetTest - *********** Creating Pet Info ************
22:07:14.208 [main] INFO  api.test.PetTest - *********** Reading Pet Info ************
22:07:14.225 [main] INFO  api.test.PetTest - *********** Updating Pet Info ************
22:07:14.249 [main] INFO  api.test.PetTest - *********** Deleting Pet info ************
22:07:14.269 [main] INFO  api.test.StoreTest - *********** Creating Pet Order ************
22:07:14.292 [main] INFO  api.test.StoreTest - *********** Reading Pet Order ************
22:07:14.305 [main] INFO  api.test.StoreTest - *********** Deleting Pet Order ************
22:08:40.413 [main] DEBUG api.test.UserTests - Debugging.....
22:08:40.425 [main] INFO  api.test.UserTests - *********** Creating User ************
22:08:43.761 [main] INFO  api.test.UserTests - *********** User is created **********
22:08:43.775 [main] INFO  api.test.UserTests - *********** Reading User info ************
22:08:45.715 [main] INFO  api.test.UserTests - *********** User info is displayed ************
22:08:45.717 [main] INFO  api.test.UserTests - *********** Updating User ************
22:08:47.958 [main] INFO  api.test.UserTests - *********** User is Updated ************
22:08:50.082 [main] INFO  api.test.UserTests - *********** Deleting User ************
22:08:51.599 [main] INFO  api.test.UserTests - *********** User Deleted************
22:08:51.617 [main] INFO  api.test.PetTest - *********** Creating Pet Order ************
22:08:51.619 [main] INFO  api.test.PetTest - *********** Creating Pet Info ************
22:08:53.183 [main] INFO  api.test.PetTest - *********** Pet Info is Created ************
22:08:53.186 [main] INFO  api.test.PetTest - *********** Reading Pet Info ************
22:08:54.698 [main] INFO  api.test.PetTest - *********** Pet info is displayed ************
22:08:54.700 [main] INFO  api.test.PetTest - *********** Updating Pet Info ************
22:08:57.207 [main] INFO  api.test.PetTest - *********** Pet Info is Updated ************
22:08:57.212 [main] INFO  api.test.PetTest - *********** Deleting Pet info ************
22:08:58.672 [main] INFO  api.test.PetTest - *********** Pet Info is Deleted ************
22:08:58.677 [main] INFO  api.test.StoreTest - *********** Creating Pet Order ************
22:09:01.777 [main] INFO  api.test.StoreTest - *********** Reading Pet Order ************
22:09:03.615 [main] INFO  api.test.StoreTest - *********** Deleting Pet Order ************
08:45:28.838 [main] DEBUG api.test.UserTests - Debugging.....
08:45:28.852 [main] INFO  api.test.UserTests - *********** Creating User ************
08:45:34.768 [main] INFO  api.test.UserTests - *********** User is created **********
08:45:34.786 [main] INFO  api.test.UserTests - *********** Reading User info ************
08:45:36.224 [main] INFO  api.test.UserTests - *********** User info is displayed ************
08:45:36.226 [main] INFO  api.test.UserTests - *********** Updating User ************
08:45:37.745 [main] INFO  api.test.UserTests - *********** User is Updated ************
08:45:39.233 [main] INFO  api.test.UserTests - *********** Deleting User ************
08:45:41.248 [main] INFO  api.test.UserTests - *********** User Deleted************
08:45:41.265 [main] DEBUG api.test.PetTest - Debugging.....
08:45:41.266 [main] INFO  api.test.PetTest - *********** Creating Pet Info ************
08:45:42.765 [main] INFO  api.test.PetTest - *********** Pet Info is Created ************
08:45:42.769 [main] INFO  api.test.PetTest - *********** Reading Pet Info ************
08:45:44.509 [main] INFO  api.test.PetTest - *********** Pet info is displayed ************
08:45:44.511 [main] INFO  api.test.PetTest - *********** Updating Pet Info ************
08:45:46.685 [main] INFO  api.test.PetTest - *********** Pet Info is Updated ************
08:45:46.687 [main] INFO  api.test.PetTest - *********** Deleting Pet info ************
08:45:49.227 [main] INFO  api.test.PetTest - *********** Pet Info is Deleted ************
08:45:49.230 [main] DEBUG api.test.StoreTest - Debugging.....
08:45:49.232 [main] INFO  api.test.StoreTest - *********** Creating Pet Order ************
08:45:55.226 [main] INFO  api.test.StoreTest - *********** Reading Pet Order ************
08:45:59.617 [main] INFO  api.test.StoreTest - *********** Deleting Pet Order ************
08:47:25.158 [main] DEBUG api.test.UserTests - Debugging.....
08:47:25.170 [main] INFO  api.test.UserTests - *********** Creating User ************
08:47:36.541 [main] INFO  api.test.UserTests - *********** User is created **********
08:47:36.558 [main] INFO  api.test.UserTests - *********** Reading User info ************
08:47:38.072 [main] INFO  api.test.UserTests - *********** User info is displayed ************
08:47:38.075 [main] INFO  api.test.UserTests - *********** Updating User ************
08:47:40.210 [main] INFO  api.test.UserTests - *********** User is Updated ************
08:47:42.752 [main] INFO  api.test.UserTests - *********** Deleting User ************
08:47:45.515 [main] INFO  api.test.UserTests - *********** User Deleted************
08:47:45.531 [main] DEBUG api.test.PetTest - Debugging.....
08:47:45.532 [main] INFO  api.test.PetTest - *********** Creating Pet Info ************
08:47:48.133 [main] INFO  api.test.PetTest - *********** Pet Info is Created ************
08:47:48.135 [main] INFO  api.test.PetTest - *********** Reading Pet Info ************
08:47:49.470 [main] INFO  api.test.PetTest - *********** Pet info is displayed ************
08:47:49.471 [main] INFO  api.test.PetTest - *********** Updating Pet Info ************
08:47:51.105 [main] INFO  api.test.PetTest - *********** Pet Info is Updated ************
08:47:51.107 [main] INFO  api.test.PetTest - *********** Deleting Pet info ************
08:47:52.638 [main] INFO  api.test.PetTest - *********** Pet Info is Deleted ************
08:50:10.706 [main] DEBUG api.test.UserTests - Debugging.....
08:50:10.719 [main] INFO  api.test.UserTests - *********** Creating User ************
08:50:14.201 [main] INFO  api.test.UserTests - *********** User is created **********
08:50:14.228 [main] INFO  api.test.UserTests - *********** Reading User info ************
08:50:15.970 [main] INFO  api.test.UserTests - *********** User info is displayed ************
08:50:15.974 [main] INFO  api.test.UserTests - *********** Updating User ************
08:50:17.777 [main] INFO  api.test.UserTests - *********** User is Updated ************
08:50:19.219 [main] INFO  api.test.UserTests - *********** Deleting User ************
08:50:20.745 [main] INFO  api.test.UserTests - *********** User Deleted************
08:50:20.765 [main] DEBUG api.test.PetTest - Debugging.....
08:50:20.768 [main] INFO  api.test.PetTest - *********** Creating Pet Info ************
08:50:22.093 [main] INFO  api.test.PetTest - *********** Pet Info is Created ************
08:50:22.094 [main] INFO  api.test.PetTest - *********** Reading Pet Info ************
08:50:23.461 [main] INFO  api.test.PetTest - *********** Pet info is displayed ************
08:50:23.463 [main] INFO  api.test.PetTest - *********** Updating Pet Info ************
08:50:24.912 [main] INFO  api.test.PetTest - *********** Pet Info is Updated ************
08:50:24.915 [main] INFO  api.test.PetTest - *********** Deleting Pet info ************
08:50:29.247 [main] INFO  api.test.PetTest - *********** Pet Info is Deleted ************
11:26:48.241 [main] DEBUG api.test.UserTests - Debugging.....
11:26:48.255 [main] INFO  api.test.UserTests - *********** Creating User ************
11:26:51.590 [main] INFO  api.test.UserTests - *********** User is created **********
11:26:51.604 [main] INFO  api.test.UserTests - *********** Reading User info ************
11:26:53.127 [main] INFO  api.test.UserTests - *********** User info is displayed ************
11:26:53.130 [main] INFO  api.test.UserTests - *********** Updating User ************
11:26:54.997 [main] INFO  api.test.UserTests - *********** User is Updated ************
11:26:57.250 [main] INFO  api.test.UserTests - *********** Deleting User ************
11:27:01.400 [main] INFO  api.test.UserTests - *********** User Deleted************
11:27:01.415 [main] DEBUG api.test.PetTest - Debugging.....
11:27:01.416 [main] INFO  api.test.PetTest - *********** Creating Pet Info ************
11:27:02.880 [main] INFO  api.test.PetTest - *********** Pet Info is Created ************
11:27:02.882 [main] INFO  api.test.PetTest - *********** Reading Pet Info ************
11:27:04.505 [main] INFO  api.test.PetTest - *********** Pet info is displayed ************
11:27:04.507 [main] INFO  api.test.PetTest - *********** Updating Pet Info ************
11:27:07.120 [main] INFO  api.test.PetTest - *********** Pet Info is Updated ************
11:27:07.122 [main] INFO  api.test.PetTest - *********** Deleting Pet info ************
11:27:10.770 [main] INFO  api.test.PetTest - *********** Pet Info is Deleted ************
11:32:52.015 [main] DEBUG api.test.UserTests - Debugging.....
11:32:52.026 [main] INFO  api.test.UserTests - *********** Creating User ************
11:32:55.468 [main] INFO  api.test.UserTests - *********** User is created **********
11:32:55.485 [main] INFO  api.test.UserTests - *********** Reading User info ************
11:32:59.317 [main] INFO  api.test.UserTests - *********** User info is displayed ************
11:32:59.320 [main] INFO  api.test.UserTests - *********** Updating User ************
11:33:00.899 [main] INFO  api.test.UserTests - *********** User is Updated ************
11:33:02.959 [main] INFO  api.test.UserTests - *********** Deleting User ************
11:33:04.683 [main] INFO  api.test.UserTests - *********** User Deleted************
11:35:54.167 [main] DEBUG api.test.UserTests - Debugging.....
11:35:54.179 [main] INFO  api.test.UserTests - *********** Creating User ************
11:35:58.186 [main] INFO  api.test.UserTests - *********** User is created **********
11:35:58.196 [main] INFO  api.test.UserTests - *********** Reading User info ************
11:36:00.178 [main] INFO  api.test.UserTests - *********** User info is displayed ************
11:36:00.180 [main] INFO  api.test.UserTests - *********** Updating User ************
11:36:02.737 [main] INFO  api.test.UserTests - *********** User is Updated ************
11:36:04.333 [main] INFO  api.test.UserTests - *********** Deleting User ************
11:36:05.918 [main] INFO  api.test.UserTests - *********** User Deleted************
11:36:05.944 [main] DEBUG api.test.PetTest - Debugging.....
11:36:05.945 [main] INFO  api.test.PetTest - *********** Creating Pet Info ************
11:36:09.547 [main] INFO  api.test.PetTest - *********** Pet Info is Created ************
11:36:09.551 [main] INFO  api.test.PetTest - *********** Reading Pet Info ************
11:36:11.571 [main] INFO  api.test.PetTest - *********** Pet info is displayed ************
11:36:11.572 [main] INFO  api.test.PetTest - *********** Updating Pet Info ************
11:36:13.419 [main] INFO  api.test.PetTest - *********** Pet Info is Updated ************
11:36:13.420 [main] INFO  api.test.PetTest - *********** Deleting Pet info ************
11:36:15.237 [main] INFO  api.test.PetTest - *********** Pet Info is Deleted ************
11:36:48.626 [main] DEBUG api.test.UserTests - Debugging.....
11:36:48.638 [main] INFO  api.test.UserTests - *********** Creating User ************
11:36:51.657 [main] INFO  api.test.UserTests - *********** User is created **********
11:36:51.669 [main] INFO  api.test.UserTests - *********** Reading User info ************
11:36:53.359 [main] INFO  api.test.UserTests - *********** User info is displayed ************
11:36:53.361 [main] INFO  api.test.UserTests - *********** Updating User ************
11:36:55.648 [main] INFO  api.test.UserTests - *********** User is Updated ************
11:36:57.664 [main] INFO  api.test.UserTests - *********** Deleting User ************
11:36:59.973 [main] INFO  api.test.UserTests - *********** User Deleted************
11:36:59.990 [main] DEBUG api.test.PetTest - Debugging.....
11:36:59.991 [main] INFO  api.test.PetTest - *********** Creating Pet Info ************
11:37:02.146 [main] INFO  api.test.PetTest - *********** Pet Info is Created ************
11:37:02.148 [main] INFO  api.test.PetTest - *********** Reading Pet Info ************
11:37:04.316 [main] INFO  api.test.PetTest - *********** Pet info is displayed ************
11:37:04.317 [main] INFO  api.test.PetTest - *********** Updating Pet Info ************
11:37:05.916 [main] INFO  api.test.PetTest - *********** Pet Info is Updated ************
11:37:05.918 [main] INFO  api.test.PetTest - *********** Deleting Pet info ************
11:37:07.455 [main] INFO  api.test.PetTest - *********** Pet Info is Deleted ************
